This file contains any messages produced by compilers while
running configure, to aid debugging if configure makes a mistake.

It was created by configure, which was
generated by GNU Autoconf 2.69.  Invocation command line was

  $ ./configure --prefix /home/ubuntu/local --with-curl=/home/ubuntu/local --with-boost=/home/ubuntu/local/

## --------- ##
## Platform. ##
## --------- ##

hostname = ip-172-31-19-171
uname -m = x86_64
uname -r = 3.13.0-48-generic
uname -s = Linux
uname -v = #80-Ubuntu SMP Thu Mar 12 11:16:15 UTC 2015

/usr/bin/uname -p = unknown
/bin/uname -X     = unknown

/bin/arch              = unknown
/usr/bin/arch -k       = unknown
/usr/convex/getsysinfo = unknown
/usr/bin/hostinfo      = unknown
/bin/machine           = unknown
/usr/bin/oslevel       = unknown
/bin/universe          = unknown

PATH: /home/ubuntu/local/bin
PATH: /usr/local/sbin
PATH: /usr/local/bin
PATH: /usr/sbin
PATH: /usr/bin
PATH: /sbin
PATH: /bin
PATH: /usr/games
PATH: /usr/local/games


## ----------- ##
## Core tests. ##
## ----------- ##

configure:2456: checking for a BSD-compatible install
configure:2524: result: /usr/bin/install -c
configure:2535: checking whether build environment is sane
configure:2590: result: yes
configure:2741: checking for a thread-safe mkdir -p
configure:2780: result: /bin/mkdir -p
configure:2787: checking for gawk
configure:2803: found /usr/bin/gawk
configure:2814: result: gawk
configure:2825: checking whether make sets $(MAKE)
configure:2847: result: yes
configure:2876: checking whether make supports nested variables
configure:2893: result: yes
configure:3035: checking whether ln -s works
configure:3039: result: yes
configure:3046: checking whether make sets $(MAKE)
configure:3068: result: yes
configure:3133: checking for gcc
configure:3160: result: ccache gcc
configure:3389: checking for C compiler version
configure:3398: ccache gcc --version >&5
gcc (Ubuntu 4.8.4-2ubuntu1~14.04.1) 4.8.4
Copyright (C) 2013 Free Software Foundation, Inc.
This is free software; see the source for copying conditions.  There is NO
warranty; not even for MERCHANTABILITY or FITNESS FOR A PARTICULAR PURPOSE.

configure:3409: $? = 0
configure:3398: ccache gcc -v >&5
Using built-in specs.
COLLECT_GCC=/usr/bin/gcc
COLLECT_LTO_WRAPPER=/usr/lib/gcc/x86_64-linux-gnu/4.8/lto-wrapper
Target: x86_64-linux-gnu
Configured with: ../src/configure -v --with-pkgversion='Ubuntu 4.8.4-2ubuntu1~14.04.1' --with-bugurl=file:///usr/share/doc/gcc-4.8/README.Bugs --enable-languages=c,c++,java,go,d,fortran,objc,obj-c++ --prefix=/usr --program-suffix=-4.8 --enable-shared --enable-linker-build-id --libexecdir=/usr/lib --without-included-gettext --enable-threads=posix --with-gxx-include-dir=/usr/include/c++/4.8 --libdir=/usr/lib --enable-nls --with-sysroot=/ --enable-clocale=gnu --enable-libstdcxx-debug --enable-libstdcxx-time=yes --enable-gnu-unique-object --disable-libmudflap --enable-plugin --with-system-zlib --disable-browser-plugin --enable-java-awt=gtk --enable-gtk-cairo --with-java-home=/usr/lib/jvm/java-1.5.0-gcj-4.8-amd64/jre --enable-java-home --with-jvm-root-dir=/usr/lib/jvm/java-1.5.0-gcj-4.8-amd64 --with-jvm-jar-dir=/usr/lib/jvm-exports/java-1.5.0-gcj-4.8-amd64 --with-arch-directory=amd64 --with-ecj-jar=/usr/share/java/eclipse-ecj.jar --enable-objc-gc --enable-multiarch --disable-werror --with-arch-32=i686 --with-abi=m64 --with-multilib-list=m32,m64,mx32 --with-tune=generic --enable-checking=release --build=x86_64-linux-gnu --host=x86_64-linux-gnu --target=x86_64-linux-gnu
Thread model: posix
gcc version 4.8.4 (Ubuntu 4.8.4-2ubuntu1~14.04.1) 
configure:3409: $? = 0
configure:3398: ccache gcc -V >&5
gcc: error: unrecognized command line option '-V'
gcc: fatal error: no input files
compilation terminated.
configure:3409: $? = 4
configure:3398: ccache gcc -qversion >&5
gcc: error: unrecognized command line option '-qversion'
gcc: fatal error: no input files
compilation terminated.
configure:3409: $? = 4
configure:3429: checking whether the C compiler works
configure:3451: ccache gcc -I/home/ubuntu/local/include   conftest.c  -lstdc++ >&5
configure:3455: $? = 0
configure:3503: result: yes
configure:3506: checking for C compiler default output file name
configure:3508: result: a.out
configure:3514: checking for suffix of executables
configure:3521: ccache gcc -o conftest -I/home/ubuntu/local/include   conftest.c  -lstdc++ >&5
configure:3525: $? = 0
configure:3547: result: 
configure:3569: checking whether we are cross compiling
configure:3577: ccache gcc -o conftest -I/home/ubuntu/local/include   conftest.c  -lstdc++ >&5
configure:3581: $? = 0
configure:3588: ./conftest
configure:3592: $? = 0
configure:3607: result: no
configure:3612: checking for suffix of object files
configure:3634: ccache gcc -c -I/home/ubuntu/local/include  conftest.c >&5
configure:3638: $? = 0
configure:3659: result: o
configure:3663: checking whether we are using the GNU C compiler
configure:3682: ccache gcc -c -I/home/ubuntu/local/include  conftest.c >&5
configure:3682: $? = 0
configure:3691: result: yes
configure:3700: checking whether ccache gcc accepts -g
configure:3720: ccache gcc -c -g  conftest.c >&5
configure:3720: $? = 0
configure:3761: result: yes
configure:3778: checking for ccache gcc option to accept ISO C89
configure:3841: ccache gcc  -c -I/home/ubuntu/local/include  conftest.c >&5
configure:3841: $? = 0
configure:3854: result: none needed
configure:3879: checking whether ccache gcc understands -c and -o together
configure:3901: ccache gcc -c conftest.c -o conftest2.o
configure:3904: $? = 0
configure:3901: ccache gcc -c conftest.c -o conftest2.o
configure:3904: $? = 0
configure:3916: result: yes
configure:3944: checking for style of include used by make
configure:3972: result: GNU
configure:3998: checking dependency style of ccache gcc
configure:4109: result: gcc3
configure:4129: checking how to run the C preprocessor
configure:4160: ccache gcc -E  conftest.c
configure:4160: $? = 0
configure:4174: ccache gcc -E  conftest.c
conftest.c:11:28: fatal error: ac_nonexistent.h: No such file or directory
 #include <ac_nonexistent.h>
                            ^
compilation terminated.
configure:4174: $? = 1
configure: failed program was:
| /* confdefs.h */
| #define PACKAGE_NAME ""
| #define PACKAGE_TARNAME ""
| #define PACKAGE_VERSION ""
| #define PACKAGE_STRING ""
| #define PACKAGE_BUGREPORT ""
| #define PACKAGE_URL ""
| #define PACKAGE "curlpp"
| #define VERSION "0.7.3"
| /* end confdefs.h.  */
| #include <ac_nonexistent.h>
configure:4199: result: ccache gcc -E
configure:4219: ccache gcc -E  conftest.c
configure:4219: $? = 0
configure:4233: ccache gcc -E  conftest.c
conftest.c:11:28: fatal error: ac_nonexistent.h: No such file or directory
 #include <ac_nonexistent.h>
                            ^
compilation terminated.
configure:4233: $? = 1
configure: failed program was:
| /* confdefs.h */
| #define PACKAGE_NAME ""
| #define PACKAGE_TARNAME ""
| #define PACKAGE_VERSION ""
| #define PACKAGE_STRING ""
| #define PACKAGE_BUGREPORT ""
| #define PACKAGE_URL ""
| #define PACKAGE "curlpp"
| #define VERSION "0.7.3"
| /* end confdefs.h.  */
| #include <ac_nonexistent.h>
configure:4373: checking for C++ compiler version
configure:4382: ccache g++ --version >&5
g++ (Ubuntu 4.8.4-2ubuntu1~14.04.1) 4.8.4
Copyright (C) 2013 Free Software Foundation, Inc.
This is free software; see the source for copying conditions.  There is NO
warranty; not even for MERCHANTABILITY or FITNESS FOR A PARTICULAR PURPOSE.

configure:4393: $? = 0
configure:4382: ccache g++ -v >&5
Using built-in specs.
COLLECT_GCC=/usr/bin/g++
COLLECT_LTO_WRAPPER=/usr/lib/gcc/x86_64-linux-gnu/4.8/lto-wrapper
Target: x86_64-linux-gnu
Configured with: ../src/configure -v --with-pkgversion='Ubuntu 4.8.4-2ubuntu1~14.04.1' --with-bugurl=file:///usr/share/doc/gcc-4.8/README.Bugs --enable-languages=c,c++,java,go,d,fortran,objc,obj-c++ --prefix=/usr --program-suffix=-4.8 --enable-shared --enable-linker-build-id --libexecdir=/usr/lib --without-included-gettext --enable-threads=posix --with-gxx-include-dir=/usr/include/c++/4.8 --libdir=/usr/lib --enable-nls --with-sysroot=/ --enable-clocale=gnu --enable-libstdcxx-debug --enable-libstdcxx-time=yes --enable-gnu-unique-object --disable-libmudflap --enable-plugin --with-system-zlib --disable-browser-plugin --enable-java-awt=gtk --enable-gtk-cairo --with-java-home=/usr/lib/jvm/java-1.5.0-gcj-4.8-amd64/jre --enable-java-home --with-jvm-root-dir=/usr/lib/jvm/java-1.5.0-gcj-4.8-amd64 --with-jvm-jar-dir=/usr/lib/jvm-exports/java-1.5.0-gcj-4.8-amd64 --with-arch-directory=amd64 --with-ecj-jar=/usr/share/java/eclipse-ecj.jar --enable-objc-gc --enable-multiarch --disable-werror --with-arch-32=i686 --with-abi=m64 --with-multilib-list=m32,m64,mx32 --with-tune=generic --enable-checking=release --build=x86_64-linux-gnu --host=x86_64-linux-gnu --target=x86_64-linux-gnu
Thread model: posix
gcc version 4.8.4 (Ubuntu 4.8.4-2ubuntu1~14.04.1) 
configure:4393: $? = 0
configure:4382: ccache g++ -V >&5
g++: error: unrecognized command line option '-V'
g++: fatal error: no input files
compilation terminated.
configure:4393: $? = 4
configure:4382: ccache g++ -qversion >&5
g++: error: unrecognized command line option '-qversion'
g++: fatal error: no input files
compilation terminated.
configure:4393: $? = 4
configure:4397: checking whether we are using the GNU C++ compiler
configure:4416: ccache g++ -c -I/home/ubuntu/local/include  conftest.cpp >&5
configure:4416: $? = 0
configure:4425: result: yes
configure:4434: checking whether ccache g++ accepts -g
configure:4454: ccache g++ -c -g  conftest.cpp >&5
configure:4454: $? = 0
configure:4495: result: yes
configure:4520: checking dependency style of ccache g++
configure:4631: result: gcc3
configure:4696: checking for boostlib >= 1.33.1
configure:4750: ccache g++ -c -I/home/ubuntu/local/include  -I/home/ubuntu/local//include conftest.cpp >&5
configure:4750: $? = 0
configure:4752: result: yes
configure:4899: checking build system type
configure:4913: result: x86_64-unknown-linux-gnu
configure:4933: checking host system type
configure:4946: result: x86_64-unknown-linux-gnu
configure:5315: checking how to print strings
configure:5342: result: printf
configure:5363: checking for a sed that does not truncate output
configure:5427: result: /bin/sed
configure:5445: checking for grep that handles long lines and -e
configure:5503: result: /bin/grep
configure:5508: checking for egrep
configure:5570: result: /bin/grep -E
configure:5575: checking for fgrep
configure:5637: result: /bin/grep -F
configure:5672: checking for ld used by ccache gcc
configure:5739: result: /usr/bin/ld
configure:5746: checking if the linker (/usr/bin/ld) is GNU ld
configure:5761: result: yes
configure:5773: checking for BSD- or MS-compatible name lister (nm)
configure:5822: result: /usr/bin/nm -B
configure:5952: checking the name lister (/usr/bin/nm -B) interface
configure:5959: ccache g++ -c -I/home/ubuntu/local/include  conftest.cpp >&5
configure:5962: /usr/bin/nm -B "conftest.o"
configure:5965: output
0000000000000000 B some_variable
configure:5972: result: BSD nm
configure:5976: checking the maximum length of command line arguments
configure:6107: result: 3458764513820540925
configure:6124: checking whether the shell understands some XSI constructs
configure:6134: result: yes
configure:6138: checking whether the shell understands "+="
configure:6144: result: yes
configure:6179: checking how to convert x86_64-unknown-linux-gnu file names to x86_64-unknown-linux-gnu format
configure:6219: result: func_convert_file_noop
configure:6226: checking how to convert x86_64-unknown-linux-gnu file names to toolchain format
configure:6246: result: func_convert_file_noop
configure:6253: checking for /usr/bin/ld option to reload object files
configure:6260: result: -r
configure:6334: checking for objdump
configure:6361: result: objdump
configure:6390: checking how to recognize dependent libraries
configure:6588: result: pass_all
configure:6673: checking for dlltool
configure:6700: result: dlltool
configure:6730: checking how to associate runtime and link libraries
configure:6757: result: printf %s\n
configure:6817: checking for ar
configure:6833: found /usr/bin/ar
configure:6844: result: ar
configure:6881: checking for archiver @FILE support
configure:6898: ccache g++ -c -I/home/ubuntu/local/include  conftest.cpp >&5
configure:6898: $? = 0
configure:6901: ar cru libconftest.a @conftest.lst >&5
configure:6904: $? = 0
configure:6909: ar cru libconftest.a @conftest.lst >&5
ar: conftest.o: No such file or directory
configure:6912: $? = 1
configure:6924: result: @
configure:6982: checking for strip
configure:6998: found /usr/bin/strip
configure:7009: result: strip
configure:7081: checking for ranlib
configure:7097: found /usr/bin/ranlib
configure:7108: result: ranlib
configure:7210: checking command to parse /usr/bin/nm -B output from ccache gcc object
configure:7330: ccache g++ -c -I/home/ubuntu/local/include  conftest.cpp >&5
configure:7333: $? = 0
configure:7337: /usr/bin/nm -B conftest.o \| sed -n -e 's/^.*[ ]\([ABCDGIRSTW][ABCDGIRSTW]*\)[ ][ ]*\([_A-Za-z][_A-Za-z0-9]*\)$/\1 \2 \2/p' | sed '/ __gnu_lto/d' \> conftest.nm
configure:7340: $? = 0
configure:7406: ccache g++ -o conftest -I/home/ubuntu/local/include   conftest.cpp conftstm.o >&5
configure:7409: $? = 0
configure:7447: result: ok
configure:7484: checking for sysroot
configure:7514: result: no
configure:7592: ccache g++ -c -I/home/ubuntu/local/include  conftest.cpp >&5
configure:7595: $? = 0
configure:7784: checking for mt
configure:7800: found /bin/mt
configure:7811: result: mt
configure:7834: checking if mt is a manifest tool
configure:7840: mt '-?'
configure:7848: result: no
configure:8486: checking for ANSI C header files
configure:8506: ccache g++ -c -I/home/ubuntu/local/include  conftest.cpp >&5
configure:8506: $? = 0
./configure: line 8520: conftest.cpp: command not found
configure:8590: result: no
configure:8603: checking for sys/types.h
configure:8603: ccache g++ -c -I/home/ubuntu/local/include  conftest.cpp >&5
configure:8603: $? = 0
configure:8603: result: yes
configure:8603: checking for sys/stat.h
configure:8603: ccache g++ -c -I/home/ubuntu/local/include  conftest.cpp >&5
configure:8603: $? = 0
configure:8603: result: yes
configure:8603: checking for stdlib.h
configure:8603: ccache g++ -c -I/home/ubuntu/local/include  conftest.cpp >&5
configure:8603: $? = 0
configure:8603: result: yes
configure:8603: checking for string.h
configure:8603: ccache g++ -c -I/home/ubuntu/local/include  conftest.cpp >&5
configure:8603: $? = 0
configure:8603: result: yes
configure:8603: checking for memory.h
configure:8603: ccache g++ -c -I/home/ubuntu/local/include  conftest.cpp >&5
configure:8603: $? = 0
configure:8603: result: yes
configure:8603: checking for strings.h
configure:8603: ccache g++ -c -I/home/ubuntu/local/include  conftest.cpp >&5
configure:8603: $? = 0
configure:8603: result: yes
configure:8603: checking for inttypes.h
configure:8603: ccache g++ -c -I/home/ubuntu/local/include  conftest.cpp >&5
configure:8603: $? = 0
configure:8603: result: yes
configure:8603: checking for stdint.h
configure:8603: ccache g++ -c -I/home/ubuntu/local/include  conftest.cpp >&5
configure:8603: $? = 0
configure:8603: result: yes
configure:8603: checking for unistd.h
configure:8603: ccache g++ -c -I/home/ubuntu/local/include  conftest.cpp >&5
configure:8603: $? = 0
configure:8603: result: yes
configure:8617: checking for dlfcn.h
configure:8617: ccache g++ -c -I/home/ubuntu/local/include  conftest.cpp >&5
configure:8617: $? = 0
configure:8617: result: yes
configure:8831: checking for objdir
configure:8846: result: .libs
configure:9117: checking if ccache gcc supports -fno-rtti -fno-exceptions
configure:9135: ccache gcc -c -I/home/ubuntu/local/include  -fno-rtti -fno-exceptions conftest.c >&5
cc1: warning: command line option '-fno-rtti' is valid for C++/ObjC++ but not for C [enabled by default]
cc1: warning: command line option '-fno-rtti' is valid for C++/ObjC++ but not for C [enabled by default]
configure:9139: $? = 0
configure:9152: result: no
configure:9479: checking for ccache gcc option to produce PIC
configure:9486: result: -fPIC -DPIC
configure:9494: checking if ccache gcc PIC flag -fPIC -DPIC works
configure:9512: ccache gcc -c -I/home/ubuntu/local/include  -fPIC -DPIC -DPIC conftest.c >&5
configure:9516: $? = 0
configure:9529: result: yes
configure:9558: checking if ccache gcc static flag -static works
configure:9586: result: yes
configure:9601: checking if ccache gcc supports -c -o file.o
configure:9622: ccache gcc -c -I/home/ubuntu/local/include  -o out/conftest2.o conftest.c >&5
configure:9626: $? = 0
configure:9648: result: yes
configure:9656: checking if ccache gcc supports -c -o file.o
configure:9703: result: yes
configure:9736: checking whether the ccache gcc linker (/usr/bin/ld -m elf_x86_64) supports shared libraries
configure:10893: result: yes
configure:10930: checking whether -lc should be explicitly linked in
configure:10938: ccache gcc -c -I/home/ubuntu/local/include  conftest.c >&5
configure:10941: $? = 0
configure:10956: ccache gcc -shared  -fPIC -DPIC conftest.o  -v -Wl,-soname -Wl,conftest -o conftest 2\>\&1 \| /bin/grep  -lc  \>/dev/null 2\>\&1
configure:10959: $? = 0
configure:10973: result: no
configure:11133: checking dynamic linker characteristics
configure:11633: ccache gcc -o conftest -I/home/ubuntu/local/include   -Wl,-rpath -Wl,/foo conftest.c  -lstdc++ >&5
configure:11633: $? = 0
configure:11867: result: GNU/Linux ld.so
configure:11974: checking how to hardcode library paths into programs
configure:11999: result: immediate
configure:12539: checking whether stripping libraries is possible
configure:12544: result: yes
configure:12579: checking if libtool supports shared libraries
configure:12581: result: yes
configure:12584: checking whether to build shared libraries
configure:12605: result: yes
configure:12608: checking whether to build static libraries
configure:12612: result: yes
configure:12635: checking how to run the C++ preprocessor
configure:12662: ccache g++ -E  conftest.cpp
configure:12662: $? = 0
configure:12676: ccache g++ -E  conftest.cpp
conftest.cpp:23:28: fatal error: ac_nonexistent.h: No such file or directory
 #include <ac_nonexistent.h>
                            ^
compilation terminated.
configure:12676: $? = 1
configure: failed program was:
| /* confdefs.h */
| #define PACKAGE_NAME ""
| #define PACKAGE_TARNAME ""
| #define PACKAGE_VERSION ""
| #define PACKAGE_STRING ""
| #define PACKAGE_BUGREPORT ""
| #define PACKAGE_URL ""
| #define PACKAGE "curlpp"
| #define VERSION "0.7.3"
| #define HAVE_BOOST /**/
| #define HAVE_SYS_TYPES_H 1
| #define HAVE_SYS_STAT_H 1
| #define HAVE_STDLIB_H 1
| #define HAVE_STRING_H 1
| #define HAVE_MEMORY_H 1
| #define HAVE_STRINGS_H 1
| #define HAVE_INTTYPES_H 1
| #define HAVE_STDINT_H 1
| #define HAVE_UNISTD_H 1
| #define HAVE_DLFCN_H 1
| #define LT_OBJDIR ".libs/"
| /* end confdefs.h.  */
| #include <ac_nonexistent.h>
configure:12701: result: ccache g++ -E
configure:12721: ccache g++ -E  conftest.cpp
configure:12721: $? = 0
configure:12735: ccache g++ -E  conftest.cpp
conftest.cpp:23:28: fatal error: ac_nonexistent.h: No such file or directory
 #include <ac_nonexistent.h>
                            ^
compilation terminated.
configure:12735: $? = 1
configure: failed program was:
| /* confdefs.h */
| #define PACKAGE_NAME ""
| #define PACKAGE_TARNAME ""
| #define PACKAGE_VERSION ""
| #define PACKAGE_STRING ""
| #define PACKAGE_BUGREPORT ""
| #define PACKAGE_URL ""
| #define PACKAGE "curlpp"
| #define VERSION "0.7.3"
| #define HAVE_BOOST /**/
| #define HAVE_SYS_TYPES_H 1
| #define HAVE_SYS_STAT_H 1
| #define HAVE_STDLIB_H 1
| #define HAVE_STRING_H 1
| #define HAVE_MEMORY_H 1
| #define HAVE_STRINGS_H 1
| #define HAVE_INTTYPES_H 1
| #define HAVE_STDINT_H 1
| #define HAVE_UNISTD_H 1
| #define HAVE_DLFCN_H 1
| #define LT_OBJDIR ".libs/"
| /* end confdefs.h.  */
| #include <ac_nonexistent.h>
configure:12904: checking for ld used by ccache g++
configure:12971: result: /usr/bin/ld -m elf_x86_64
configure:12978: checking if the linker (/usr/bin/ld -m elf_x86_64) is GNU ld
configure:12993: result: yes
configure:13048: checking whether the ccache g++ linker (/usr/bin/ld -m elf_x86_64) supports shared libraries
configure:14050: result: yes
configure:14086: ccache g++ -c -I/home/ubuntu/local/include  conftest.cpp >&5
configure:14089: $? = 0
configure:14609: checking for ccache g++ option to produce PIC
configure:14616: result: -fPIC -DPIC
configure:14624: checking if ccache g++ PIC flag -fPIC -DPIC works
configure:14642: ccache g++ -c -I/home/ubuntu/local/include  -fPIC -DPIC -DPIC conftest.cpp >&5
configure:14646: $? = 0
configure:14659: result: yes
configure:14682: checking if ccache g++ static flag -static works
configure:14710: result: yes
configure:14722: checking if ccache g++ supports -c -o file.o
configure:14743: ccache g++ -c -I/home/ubuntu/local/include  -o out/conftest2.o conftest.cpp >&5
configure:14747: $? = 0
configure:14769: result: yes
configure:14774: checking if ccache g++ supports -c -o file.o
configure:14821: result: yes
configure:14851: checking whether the ccache g++ linker (/usr/bin/ld -m elf_x86_64) supports shared libraries
configure:14890: result: yes
configure:15031: checking dynamic linker characteristics
configure:15699: result: GNU/Linux ld.so
configure:15752: checking how to hardcode library paths into programs
configure:15777: result: immediate
configure:15863: checking for ANSI C header files
configure:15967: result: no
configure:15981: checking curl/curl.h usability
configure:15981: ccache g++ -c -I/home/ubuntu/local/include  conftest.cpp >&5
configure:15981: $? = 0
configure:15981: result: yes
configure:15981: checking curl/curl.h presence
configure:15981: ccache g++ -E  conftest.cpp
conftest.cpp:23:23: fatal error: curl/curl.h: No such file or directory
 #include <curl/curl.h>
                       ^
compilation terminated.
configure:15981: $? = 1
configure: failed program was:
| /* confdefs.h */
| #define PACKAGE_NAME ""
| #define PACKAGE_TARNAME ""
| #define PACKAGE_VERSION ""
| #define PACKAGE_STRING ""
| #define PACKAGE_BUGREPORT ""
| #define PACKAGE_URL ""
| #define PACKAGE "curlpp"
| #define VERSION "0.7.3"
| #define HAVE_BOOST /**/
| #define HAVE_SYS_TYPES_H 1
| #define HAVE_SYS_STAT_H 1
| #define HAVE_STDLIB_H 1
| #define HAVE_STRING_H 1
| #define HAVE_MEMORY_H 1
| #define HAVE_STRINGS_H 1
| #define HAVE_INTTYPES_H 1
| #define HAVE_STDINT_H 1
| #define HAVE_UNISTD_H 1
| #define HAVE_DLFCN_H 1
| #define LT_OBJDIR ".libs/"
| /* end confdefs.h.  */
| #include <curl/curl.h>
configure:15981: result: no
configure:15981: WARNING: curl/curl.h: accepted by the compiler, rejected by the preprocessor!
configure:15981: WARNING: curl/curl.h: proceeding with the compiler's result
configure:15981: checking for curl/curl.h
configure:15981: result: yes
configure:15981: checking ostream usability
configure:15981: ccache g++ -c -I/home/ubuntu/local/include  conftest.cpp >&5
configure:15981: $? = 0
configure:15981: result: yes
configure:15981: checking ostream presence
configure:15981: ccache g++ -E  conftest.cpp
configure:15981: $? = 0
configure:15981: result: yes
configure:15981: checking for ostream
configure:15981: result: yes
configure:16009: checking for curl >= 7.10.0
configure:16019: result: 7.27.0-DEV
configure:16043: checking enable gcc warnings
configure:16053: result: yes
configure:16062: checking warning make an error on compilation
configure:16072: result: yes
configure:16082: checking whether to enable the maintener code
configure:16094: result: no
configure:16111: checking whether to enable Debug symbols support options
configure:16122: result: no
configure:16129: checking if we need BUILDING_CURLPP
configure:16153: result: no
configure:16272: checking that generated files are newer than configure
configure:16278: result: done
configure:16317: creating ./config.status

## ---------------------- ##
## Running config.status. ##
## ---------------------- ##

This file was extended by config.status, which was
generated by GNU Autoconf 2.69.  Invocation command line was

  CONFIG_FILES    = 
  CONFIG_HEADERS  = 
  CONFIG_LINKS    = 
  CONFIG_COMMANDS = 
  $ ./config.status 

on ip-172-31-19-171

config.status:1176: creating curlpp-config
config.status:1176: creating curlpp.spec
config.status:1176: creating curlpp.pc
config.status:1176: creating Makefile
config.status:1176: creating examples/Makefile
config.status:1176: creating src/Makefile
config.status:1176: creating src/curlpp/Makefile
config.status:1176: creating src/curlpp/internal/Makefile
config.status:1176: creating src/utilspp/Makefile
config.status:1176: creating include/Makefile
config.status:1176: creating include/curlpp/Makefile
config.status:1176: creating include/curlpp/internal/Makefile
config.status:1176: creating include/utilspp/Makefile
config.status:1176: creating include/utilspp/functor/Makefile
config.status:1176: creating include/utilspp/singleton/Makefile
config.status:1176: creating doc/Makefile
config.status:1176: creating include/curlpp/config.h
config.status:1405: executing depfiles commands
config.status:1405: executing libtool commands
configure:18822: WARNING: unrecognized options: --with-curl

## ---------------- ##
## Cache variables. ##
## ---------------- ##

ac_cv_build=x86_64-unknown-linux-gnu
ac_cv_c_compiler_gnu=yes
ac_cv_cxx_compiler_gnu=yes
ac_cv_env_CCC_set=
ac_cv_env_CCC_value=
ac_cv_env_CC_set=set
ac_cv_env_CC_value='ccache gcc'
ac_cv_env_CFLAGS_set=set
ac_cv_env_CFLAGS_value=-I/home/ubuntu/local/include
ac_cv_env_CPPFLAGS_set=
ac_cv_env_CPPFLAGS_value=
ac_cv_env_CPP_set=
ac_cv_env_CPP_value=
ac_cv_env_CXXCPP_set=
ac_cv_env_CXXCPP_value=
ac_cv_env_CXXFLAGS_set=set
ac_cv_env_CXXFLAGS_value=-I/home/ubuntu/local/include
ac_cv_env_CXX_set=set
ac_cv_env_CXX_value='ccache g++'
ac_cv_env_LDFLAGS_set=
ac_cv_env_LDFLAGS_value=
ac_cv_env_LIBS_set=
ac_cv_env_LIBS_value=
ac_cv_env_build_alias_set=
ac_cv_env_build_alias_value=
ac_cv_env_host_alias_set=
ac_cv_env_host_alias_value=
ac_cv_env_target_alias_set=
ac_cv_env_target_alias_value=
ac_cv_header_curl_curl_h=yes
ac_cv_header_dlfcn_h=yes
ac_cv_header_inttypes_h=yes
ac_cv_header_memory_h=yes
ac_cv_header_ostream=yes
ac_cv_header_stdc=no
ac_cv_header_stdint_h=yes
ac_cv_header_stdlib_h=yes
ac_cv_header_string_h=yes
ac_cv_header_strings_h=yes
ac_cv_header_sys_stat_h=yes
ac_cv_header_sys_types_h=yes
ac_cv_header_unistd_h=yes
ac_cv_host=x86_64-unknown-linux-gnu
ac_cv_objext=o
ac_cv_path_EGREP='/bin/grep -E'
ac_cv_path_FGREP='/bin/grep -F'
ac_cv_path_GREP=/bin/grep
ac_cv_path_SED=/bin/sed
ac_cv_path_install='/usr/bin/install -c'
ac_cv_path_mkdir=/bin/mkdir
ac_cv_prog_AWK=gawk
ac_cv_prog_CPP='ccache gcc -E'
ac_cv_prog_CXXCPP='ccache g++ -E'
ac_cv_prog_ac_ct_AR=ar
ac_cv_prog_ac_ct_CC='ccache gcc'
ac_cv_prog_ac_ct_DLLTOOL=dlltool
ac_cv_prog_ac_ct_MANIFEST_TOOL=mt
ac_cv_prog_ac_ct_OBJDUMP=objdump
ac_cv_prog_ac_ct_RANLIB=ranlib
ac_cv_prog_ac_ct_STRIP=strip
ac_cv_prog_cc_c89=
ac_cv_prog_cc_g=yes
ac_cv_prog_cxx_g=yes
ac_cv_prog_make_make_set=yes
am_cv_CC_dependencies_compiler_type=gcc3
am_cv_CXX_dependencies_compiler_type=gcc3
am_cv_make_support_nested_variables=yes
am_cv_prog_cc_c_o=yes
lt_cv_ar_at_file=@
lt_cv_archive_cmds_need_lc=no
lt_cv_deplibs_check_method=pass_all
lt_cv_file_magic_cmd='$MAGIC_CMD'
lt_cv_file_magic_test_file=
lt_cv_ld_reload_flag=-r
lt_cv_nm_interface='BSD nm'
lt_cv_objdir=.libs
lt_cv_path_LD=/usr/bin/ld
lt_cv_path_LDCXX='/usr/bin/ld -m elf_x86_64'
lt_cv_path_NM='/usr/bin/nm -B'
lt_cv_path_mainfest_tool=no
lt_cv_prog_compiler_c_o=yes
lt_cv_prog_compiler_c_o_CXX=yes
lt_cv_prog_compiler_pic='-fPIC -DPIC'
lt_cv_prog_compiler_pic_CXX='-fPIC -DPIC'
lt_cv_prog_compiler_pic_works=yes
lt_cv_prog_compiler_pic_works_CXX=yes
lt_cv_prog_compiler_rtti_exceptions=no
lt_cv_prog_compiler_static_works=yes
lt_cv_prog_compiler_static_works_CXX=yes
lt_cv_prog_gnu_ld=yes
lt_cv_prog_gnu_ldcxx=yes
lt_cv_sharedlib_from_linklib_cmd='printf %s\n'
lt_cv_shlibpath_overrides_runpath=no
lt_cv_sys_global_symbol_pipe='sed -n -e '\''s/^.*[	 ]\([ABCDGIRSTW][ABCDGIRSTW]*\)[	 ][	 ]*\([_A-Za-z][_A-Za-z0-9]*\)$/\1 \2 \2/p'\'' | sed '\''/ __gnu_lto/d'\'''
lt_cv_sys_global_symbol_to_c_name_address='sed -n -e '\''s/^: \([^ ]*\)[ ]*$/  {\"\1\", (void *) 0},/p'\'' -e '\''s/^[ABCDGIRSTW]* \([^ ]*\) \([^ ]*\)$/  {"\2", (void *) \&\2},/p'\'''
lt_cv_sys_global_symbol_to_c_name_address_lib_prefix='sed -n -e '\''s/^: \([^ ]*\)[ ]*$/  {\"\1\", (void *) 0},/p'\'' -e '\''s/^[ABCDGIRSTW]* \([^ ]*\) \(lib[^ ]*\)$/  {"\2", (void *) \&\2},/p'\'' -e '\''s/^[ABCDGIRSTW]* \([^ ]*\) \([^ ]*\)$/  {"lib\2", (void *) \&\2},/p'\'''
lt_cv_sys_global_symbol_to_cdecl='sed -n -e '\''s/^T .* \(.*\)$/extern int \1();/p'\'' -e '\''s/^[ABCDGIRSTW]* .* \(.*\)$/extern char \1;/p'\'''
lt_cv_sys_max_cmd_len=3458764513820540925
lt_cv_to_host_file_cmd=func_convert_file_noop
lt_cv_to_tool_file_cmd=func_convert_file_noop
my_cv_curl_vers=7.27.0-DEV

## ----------------- ##
## Output variables. ##
## ----------------- ##

ACLOCAL='${SHELL} /home/ubuntu/rtbkit-deps/curlpp/missing aclocal-1.14'
AMDEPBACKSLASH='\'
AMDEP_FALSE='#'
AMDEP_TRUE=''
AMTAR='$${TAR-tar}'
AM_BACKSLASH='\'
AM_DEFAULT_V='$(AM_DEFAULT_VERBOSITY)'
AM_DEFAULT_VERBOSITY='1'
AM_V='$(V)'
AR='ar'
AS='as'
AUTOCONF='${SHELL} /home/ubuntu/rtbkit-deps/curlpp/missing autoconf'
AUTOHEADER='${SHELL} /home/ubuntu/rtbkit-deps/curlpp/missing autoheader'
AUTOMAKE='${SHELL} /home/ubuntu/rtbkit-deps/curlpp/missing automake-1.14'
AWK='gawk'
BOOST_CPPFLAGS='-I/home/ubuntu/local//include'
BOOST_LDFLAGS='-L/home/ubuntu/local//lib'
CC='ccache gcc'
CCDEPMODE='depmode=gcc3'
CFLAGS='-I/home/ubuntu/local/include'
CPP='ccache gcc -E'
CPPFLAGS=''
CURLPP_CXXFLAGS=' -I/home/ubuntu/local/include -I/home/ubuntu/local//include'
CXX='ccache g++'
CXXCPP='ccache g++ -E'
CXXDEPMODE='depmode=gcc3'
CXXFLAGS='-I/home/ubuntu/local/include -W -Wall -Werror   -I/home/ubuntu/local/include -I/home/ubuntu/local//include'
CYGPATH_W='echo'
DEFS='-DHAVE_CONFIG_H'
DEPDIR='.deps'
DLLTOOL='dlltool'
DSYMUTIL=''
DUMPBIN=''
ECHO_C=''
ECHO_N='-n'
ECHO_T=''
EGREP='/bin/grep -E'
EXEEXT=''
FGREP='/bin/grep -F'
GREP='/bin/grep'
HAVE_BOOST_FALSE='#'
HAVE_BOOST_TRUE=''
INSTALL_DATA='${INSTALL} -m 644'
INSTALL_PROGRAM='${INSTALL}'
INSTALL_SCRIPT='${INSTALL}'
INSTALL_STRIP_PROGRAM='$(install_sh) -c -s'
LD='/usr/bin/ld -m elf_x86_64'
LDFLAGS=''
LIBOBJS=''
LIBS=' -lstdc++ -L/home/ubuntu/local/lib -lcurl'
LIBTOOL='$(SHELL) $(top_builddir)/libtool --silent'
LIPO=''
LN_S='ln -s'
LTLIBOBJS=''
MAINTENER_CODE_FALSE=''
MAINTENER_CODE_TRUE='#'
MAKEINFO='${SHELL} /home/ubuntu/rtbkit-deps/curlpp/missing makeinfo'
MANIFEST_TOOL=':'
MKDIR_P='/bin/mkdir -p'
NM='/usr/bin/nm -B'
NMEDIT=''
NO_UNDEFINED_FALSE=''
NO_UNDEFINED_TRUE='#'
OBJDUMP='objdump'
OBJEXT='o'
OTOOL64=''
OTOOL=''
PACKAGE='curlpp'
PACKAGE_BUGREPORT=''
PACKAGE_NAME=''
PACKAGE_STRING=''
PACKAGE_TARNAME=''
PACKAGE_URL=''
PACKAGE_VERSION=''
PATH_SEPARATOR=':'
PKGADD_NAME='cURLpp - a client that groks URLs++'
PKGADD_PKG='cURLpp'
PKGADD_VENDOR='http://rrette.com/curlpp.html'
RANLIB='ranlib'
RPM_VERSION='0.7.3'
SED='/bin/sed'
SET_MAKE=''
SHELL='/bin/bash'
STRIP='strip'
VERSION='0.7.3'
VERSIONNUM=''
ac_ct_AR='ar'
ac_ct_CC='ccache gcc'
ac_ct_CXX=''
ac_ct_DUMPBIN=''
am__EXEEXT_FALSE=''
am__EXEEXT_TRUE='#'
am__fastdepCC_FALSE='#'
am__fastdepCC_TRUE=''
am__fastdepCXX_FALSE='#'
am__fastdepCXX_TRUE=''
am__include='include'
am__isrc=''
am__leading_dot='.'
am__nodep='_no'
am__quote=''
am__tar='$${TAR-tar} chof - "$$tardir"'
am__untar='$${TAR-tar} xf -'
bindir='${exec_prefix}/bin'
build='x86_64-unknown-linux-gnu'
build_alias=''
build_cpu='x86_64'
build_os='linux-gnu'
build_vendor='unknown'
datadir='${datarootdir}'
datarootdir='${prefix}/share'
docdir='${datarootdir}/doc/${PACKAGE}'
dvidir='${docdir}'
exec_prefix='${prefix}'
host='x86_64-unknown-linux-gnu'
host_alias=''
host_cpu='x86_64'
host_os='linux-gnu'
host_vendor='unknown'
htmldir='${docdir}'
includedir='${prefix}/include'
infodir='${datarootdir}/info'
install_sh='${SHELL} /home/ubuntu/rtbkit-deps/curlpp/install-sh'
libdir='${exec_prefix}/lib'
libexecdir='${exec_prefix}/libexec'
localedir='${datarootdir}/locale'
localstatedir='${prefix}/var'
mandir='${datarootdir}/man'
mkdir_p='$(MKDIR_P)'
oldincludedir='/usr/include'
pdfdir='${docdir}'
prefix='/home/ubuntu/local'
program_transform_name='s,x,x,'
psdir='${docdir}'
sbindir='${exec_prefix}/sbin'
sharedstatedir='${prefix}/com'
sysconfdir='${prefix}/etc'
target_alias=''

## ----------- ##
## confdefs.h. ##
## ----------- ##

/* confdefs.h */
#define PACKAGE_NAME ""
#define PACKAGE_TARNAME ""
#define PACKAGE_VERSION ""
#define PACKAGE_STRING ""
#define PACKAGE_BUGREPORT ""
#define PACKAGE_URL ""
#define PACKAGE "curlpp"
#define VERSION "0.7.3"
#define HAVE_BOOST /**/
#define HAVE_SYS_TYPES_H 1
#define HAVE_SYS_STAT_H 1
#define HAVE_STDLIB_H 1
#define HAVE_STRING_H 1
#define HAVE_MEMORY_H 1
#define HAVE_STRINGS_H 1
#define HAVE_INTTYPES_H 1
#define HAVE_STDINT_H 1
#define HAVE_UNISTD_H 1
#define HAVE_DLFCN_H 1
#define LT_OBJDIR ".libs/"
#define HAVE_CURL_CURL_H 1
#define HAVE_OSTREAM 1

configure: exit 0
